97632469508581
0
0
8444249301319680000000000000000000
0
390936259153095569093951060358890701468
651849133565760853333333333333333333
10741
140410701250391445908409142488113
66
0
0
386976904600569981170684395776300351974
139855554821621983345407166123778501628
62637654955326031018030415
26470947307625598928728746365958946
2311000357174069842580645161290322580
31862517003683522150400000000000000000000
28436490844404197621760000000000000000000
0
397570375
18972313
17621909098269203496960000000000000000000
0
0
558794221242963631679512614592159
196211411926194065990843294579990175208
1717941316048833639324903225806451612903
153918390732800171299831365935919055649
682554911325903409643520000000000000000000
2385028056316893777100800000000000000000000
0
0
12018201297720440085287846481876332
0
276360216306630084477004680187207488299
196675641024918159534359702021993614757
0
231657021239813664714548090865152247462
780144805810148474880000000000000000000
0
2034065076260200953937920000000000000000000
0
18215098017783
123037153995360231751680000000000000000000
0
1468589854055372595158075742067553735926
3221374934104297399678972712680577
21403657777308034891170431211498973
42849542546827199031365
1137371982468420206592000000000000000000000
78547360470831497532689027856736782
656362796392673716469760000000000000000000
1224175208752540031893722735479
447349069947171986472960000000000000000000
649988946134173451550720000000000000000000
0
0
0
353299049238656934049202146690518783542
100835
3399665853911173
416961486541246063753962860529435005926
881740319444313281407152317880794701986
2187064474454766064432553881
1201836632603222030789969909729187562688
716989741146614826896325237570987
4617643721038491622429595375722543352601
4065599085854443909484833895040
7154122537124834792431516520756
608490637143008933314560000000000000000000
5866059734791093787562269002089024
0
0
270077862360222890
288793326105133056000000000000000000
0
74391881030560289190799934565679699002
0
3213922753746378259622198952879581151832
0
1879854449
0
0
49536310927891744372564841498559077809
10154745050012744185009752020061298
72854509784984987500859401856308009
0
0
2447018924665921802890503796848207
0
14191543378845891152796
460057136106711860473856786331349587252
0
5401610441385939370460048426150121
0
199133536772617289072640000000000000000000
326386
0
0
0
623869259250922398823917702
0
0
0
0
2320961312930836539674
0
48167900944147470422535211267605633
53671648559187886080000000000000000000
912727798569688325160960000000000000000000
44131411624394025204859683
0
26627779650382632845016
0
24519650117962855723218007503126302
0
8
0
22989
247434542058921043180177575882717323972
0
0
0
0
0
0
0
13197035114203093
81857021
0
40894886974752302
736356559103085112197120000000000000000000
156740650119060176532789166125591318
255089346323562847272960000000000000000000
31981932762553017958400000000000000000000
1168348588503018593484185499890
110623353292397554585152838427947
184074768666986540042533838657282079047
0
1365032667581
22713956469518786835830338459114460
323204783
0
613665982431798944071680000000000000000000
0
0
0
0
0
19221007
2202934145814706
1324
0
197360447158050539597536597677940434124
28314474352165141694915254237288135
394611340991248210916108949416342412451
0
409239505754621466378240000000000000000000
578274562979598119731200000000000000000000
0
23397421086081345974512941176470588235294
0
7459924122073032087363277872529439887
0
0
0
0
2290943978561195275714560000000000000000000
689065514291881982329479950014170
0
1825472164756505839534080000000000000000000
0
46648544
5364418029783
0
0
568939698704468253081600000000000000000000
38938331277792483920278745644599303135
0
0
0
1688849860263936000000000000000000
0
0
7483605030681651496808367078
0
1282179036037030871040000000000000000000
4070825631360925598585891049333
0
421897053577438074397
9465309786015466
267014696789408578657812534912300301642
5460782765757859562147628865979381443298
392705927394365873848320000000000000000000
0
225616298056557668452645452833741291658
0
0
9031097242839339838567805131
80146825826427
25057844652340230248135593220338983050
0
341153969410334311309896094589752776782
0
6473996397638395093278814209046
3723555818228
912735981047261303930880000000000000000000
3015424423808964722424450402144772117962
700364488109637804496
0
0
37999121855938560000000000000000000
0
0
7420739919476255
0
5783732398164164383561643835616
125128
0
179528574257508937465213106543190
7275113075547435723077383177570093457943
192536507611267502425517027441946
0
0
73702059918596361795291428571428571428571
1931267369206221373440000000000000000000
2228141816534611353230990990990990990990
0
0
0
0
101330991615836160000000000000000000
15386838532058444
0
0
102377953485688701771239729119638826185
340521648021394771267567714644
124095001211135826281019
6664601794816733465497194948
0
0
0
87196462637375426561418475625920998
0
19895965842823976
613665969765424992092160000000000000000000
3764288766043526
384560878956415203409920000000000000000000
2830474626140674860335195530726
78778840603300658508804153821190978419
1227331990196345792102400000000000000000000
58154180331789246
0
270100799615270646638157053976795022700
0
