Mint TEA in block 18128102
Mint APE in block 18128202
Blocks: 200, UNleveraged gain: 1000000000000000, Ideal leveraged gain: 1000000000000000, Actual gain: 1000000000000000
Blocks: 200, UNleveraged gain: 1000000000000000, Ideal leveraged gain: 1000000000000000, Actual gain: 1000000000000000
Burn TEA in block 18128302
Blocks: 300, UNleveraged gain: 1000000000000000, Ideal leveraged gain: 1000000000000000, Actual gain: 1000000000000000
Mint TEA in block 18128402
Blocks: 400, UNleveraged gain: 786181205478796, Ideal leveraged gain: 618080887848093, Actual gain: 618080887848093
Mint APE in block 18128502
Blocks: 500, UNleveraged gain: 694850569779120, Ideal leveraged gain: 482817314322367, Actual gain: 482817314322367
Mint APE in block 18128602
Blocks: 600, UNleveraged gain: 616880154475327, Ideal leveraged gain: 380541124985504, Actual gain: 380541124985504
Mint APE in block 18128702
Blocks: 700, UNleveraged gain: 546395004585002, Ideal leveraged gain: 298547501035444, Actual gain: 298547501035444
Burn APE in block 18128802
Blocks: 800, UNleveraged gain: 546395004585002, Ideal leveraged gain: 298547501035444, Actual gain: 298547501035444
Mint APE in block 18128902
Blocks: 900, UNleveraged gain: 428459830644622, Ideal leveraged gain: 183577826476018, Actual gain: 183577826476019
Burn TEA in block 18129002
Blocks: 1000, UNleveraged gain: 378012747856664, Ideal leveraged gain: 142893637542146, Actual gain: 142893637542146
Mint APE in block 18129102
Blocks: 1100, UNleveraged gain: 333941596706354, Ideal leveraged gain: 111516990010789, Actual gain: 111516990010789
Mint APE in block 18129202
Blocks: 1200, UNleveraged gain: 295934109219767, Ideal leveraged gain: 87576996999697, Actual gain: 87576996999697
Burn TEA in block 18129302
Blocks: 1300, UNleveraged gain: 295934109219767, Ideal leveraged gain: 87576996999697, Actual gain: 87576996999697
Mint TEA in block 18129402
Blocks: 1400, UNleveraged gain: 232064723813571, Ideal leveraged gain: 53854036038669, Actual gain: 53854036038669
Mint TEA in block 18129502
Blocks: 1500, UNleveraged gain: 205870014045690, Ideal leveraged gain: 42382462683172, Actual gain: 42382462683172
Burn APE in block 18129602
Blocks: 1600, UNleveraged gain: 205870014045690, Ideal leveraged gain: 42382462683172, Actual gain: 42382462683172
Burn APE in block 18129702
Blocks: 1700, UNleveraged gain: 161667602046657, Ideal leveraged gain: 26136413551516, Actual gain: 26136413551516
Mint APE in block 18129802
Blocks: 1800, UNleveraged gain: 143420619707870, Ideal leveraged gain: 20569474157389, Actual gain: 20569474157389
Mint APE in block 18129902
Blocks: 1900, UNleveraged gain: 127164101620271, Ideal leveraged gain: 16170708740890, Actual gain: 16170708740890
Burn TEA in block 18130002
Blocks: 2000, UNleveraged gain: 112876580837518, Ideal leveraged gain: 12741122501568, Actual gain: 12741122501568
Burn TEA in block 18130102
Blocks: 2100, UNleveraged gain: 112876580837518, Ideal leveraged gain: 12741122501568, Actual gain: 12741122501568
Mint TEA in block 18130202
Blocks: 2200, UNleveraged gain: 88664160552856, Ideal leveraged gain: 7861333366542, Actual gain: 7861333366542
Burn TEA in block 18128302
Mint TEA in block 18128402
Mint APE in block 18128502
Mint APE in block 18128602
Mint APE in block 18128702
Burn APE in block 18128802
Mint APE in block 18128902
Burn TEA in block 18129002
Mint APE in block 18129102
Mint APE in block 18129202
Burn TEA in block 18129302
Mint TEA in block 18129402
Mint TEA in block 18129502
Burn APE in block 18129602
Burn APE in block 18129702
Mint APE in block 18129802
Mint APE in block 18129902
Burn TEA in block 18130002
Burn TEA in block 18130102
Mint TEA in block 18130202
