Donations: 4197 ETH and 6989 WETH
User 0x6813Eb9362372EEF6200f3b1dbC3f819671cBA69 UNstakes 0 SIR
User 0x6813Eb9362372EEF6200f3b1dbC3f819671cBA69 stakes 1602 SIR
User 0x2B5AD5c4795c026514f8317c7a215E218DcCD6cF UNstakes 0 SIR
User 0x7E5F4552091A69125d5DfCb7b8C2659029395Bdf bids 0xC02aaA39b223FE8D0A0e5C4F27eAD9083C756Cc2 collateral with 228126509271012779983633 ETH
User 0x2B5AD5c4795c026514f8317c7a215E218DcCD6cF bids 0xC02aaA39b223FE8D0A0e5C4F27eAD9083C756Cc2 collateral with 24519 ETH
User 0x2B5AD5c4795c026514f8317c7a215E218DcCD6cF UNstakes 0 SIR
Donations: 2537920693074657581 ETH and 0 WETH
User 0x2B5AD5c4795c026514f8317c7a215E218DcCD6cF claims 0 ETH
Donations: 19485 ETH and 7431 WETH
User 0x2B5AD5c4795c026514f8317c7a215E218DcCD6cF stakes 5158798016976413747 SIR
Pays winner of 0xC02aaA39b223FE8D0A0e5C4F27eAD9083C756Cc2 auction
Donations: 0 ETH and 28162514264337593543949675 WETH
User 0x7E5F4552091A69125d5DfCb7b8C2659029395Bdf UNstakes 0 SIR
Collects fees for 0xB8c77482e45F1F44dE1745F52C74426C631bDD52 and starts auction
User 0x6813Eb9362372EEF6200f3b1dbC3f819671cBA69 UNstakes 0 SIR
User 0x7E5F4552091A69125d5DfCb7b8C2659029395Bdf claims 0 ETH
User 0x2B5AD5c4795c026514f8317c7a215E218DcCD6cF bids 0xB8c77482e45F1F44dE1745F52C74426C631bDD52 collateral with 0 ETH
User 0x7E5F4552091A69125d5DfCb7b8C2659029395Bdf claims 0 ETH
Pays winner of 0xB8c77482e45F1F44dE1745F52C74426C631bDD52 auction
User 0x7E5F4552091A69125d5DfCb7b8C2659029395Bdf claims 0 ETH
Collects fees for 0xC02aaA39b223FE8D0A0e5C4F27eAD9083C756Cc2 and starts auction
User 0x7E5F4552091A69125d5DfCb7b8C2659029395Bdf UNstakes 0 SIR
Pays winner of 0xC02aaA39b223FE8D0A0e5C4F27eAD9083C756Cc2 auction
User 0x6813Eb9362372EEF6200f3b1dbC3f819671cBA69 claims 0 ETH
Donations: 13367 ETH and 20758 WETH
Donations: 2333 ETH and 23684 WETH
User 0x7E5F4552091A69125d5DfCb7b8C2659029395Bdf UNstakes 0 SIR
Donations: 4719 ETH and 17820 WETH
Collects fees for 0xB8c77482e45F1F44dE1745F52C74426C631bDD52 and starts auction
Pays winner of 0xB8c77482e45F1F44dE1745F52C74426C631bDD52 auction
User 0x7E5F4552091A69125d5DfCb7b8C2659029395Bdf claims 0 ETH
User 0x7E5F4552091A69125d5DfCb7b8C2659029395Bdf claims 0 ETH
Pays winner of 0xB8c77482e45F1F44dE1745F52C74426C631bDD52 auction
User 0x7E5F4552091A69125d5DfCb7b8C2659029395Bdf claims 0 ETH
Pays winner of 0xC02aaA39b223FE8D0A0e5C4F27eAD9083C756Cc2 auction
Donations: 0 ETH and 9 WETH
User 0x7E5F4552091A69125d5DfCb7b8C2659029395Bdf bids 0xB8c77482e45F1F44dE1745F52C74426C631bDD52 collateral with 5929 ETH
User 0x2B5AD5c4795c026514f8317c7a215E218DcCD6cF bids 0xB8c77482e45F1F44dE1745F52C74426C631bDD52 collateral with 60574864246625 ETH
Donations: 28162514264337593543949673 ETH and 28162514264337593543949675 WETH
User 0x2B5AD5c4795c026514f8317c7a215E218DcCD6cF UNstakes 0 SIR
Collects fees for 0xB8c77482e45F1F44dE1745F52C74426C631bDD52 and starts auction
Donations: 5667163 ETH and 28162514264337593543949672 WETH
User 0x2B5AD5c4795c026514f8317c7a215E218DcCD6cF stakes 4484 SIR
Collects fees for 0xC02aaA39b223FE8D0A0e5C4F27eAD9083C756Cc2 and starts auction
Pays winner of 0xB8c77482e45F1F44dE1745F52C74426C631bDD52 auction
User 0x6813Eb9362372EEF6200f3b1dbC3f819671cBA69 stakes 4480 SIR
User 0x7E5F4552091A69125d5DfCb7b8C2659029395Bdf UNstakes 0 SIR
User 0x6813Eb9362372EEF6200f3b1dbC3f819671cBA69 bids 0xC02aaA39b223FE8D0A0e5C4F27eAD9083C756Cc2 collateral with 3 ETH
User 0x2B5AD5c4795c026514f8317c7a215E218DcCD6cF claims 0 ETH
User 0x2B5AD5c4795c026514f8317c7a215E218DcCD6cF bids 0xC02aaA39b223FE8D0A0e5C4F27eAD9083C756Cc2 collateral with 3 ETH
User 0x6813Eb9362372EEF6200f3b1dbC3f819671cBA69 claims 0 ETH
User 0x7E5F4552091A69125d5DfCb7b8C2659029395Bdf stakes 91461897 SIR
User 0x7E5F4552091A69125d5DfCb7b8C2659029395Bdf stakes 91461896 SIR
User 0x2B5AD5c4795c026514f8317c7a215E218DcCD6cF claims 0 ETH
Collects fees for 0xC02aaA39b223FE8D0A0e5C4F27eAD9083C756Cc2 and starts auction
User 0x7E5F4552091A69125d5DfCb7b8C2659029395Bdf stakes 9504864992302404409519 SIR
User 0x2B5AD5c4795c026514f8317c7a215E218DcCD6cF bids 0xB8c77482e45F1F44dE1745F52C74426C631bDD52 collateral with 260626704205 ETH
Donations: 28162514264337593543949674 ETH and 815924659484607219073435 WETH
User 0x7E5F4552091A69125d5DfCb7b8C2659029395Bdf bids 0xC02aaA39b223FE8D0A0e5C4F27eAD9083C756Cc2 collateral with 9999 ETH
Collects fees for 0xC02aaA39b223FE8D0A0e5C4F27eAD9083C756Cc2 and starts auction
User 0x7E5F4552091A69125d5DfCb7b8C2659029395Bdf bids 0xC02aaA39b223FE8D0A0e5C4F27eAD9083C756Cc2 collateral with 28162514264337593543949674 ETH
User 0x6813Eb9362372EEF6200f3b1dbC3f819671cBA69 bids 0xB8c77482e45F1F44dE1745F52C74426C631bDD52 collateral with 2253362759978 ETH
Collects fees for 0xB8c77482e45F1F44dE1745F52C74426C631bDD52 and starts auction
User 0x7E5F4552091A69125d5DfCb7b8C2659029395Bdf bids 0xC02aaA39b223FE8D0A0e5C4F27eAD9083C756Cc2 collateral with 200805480 ETH
User 0x7E5F4552091A69125d5DfCb7b8C2659029395Bdf bids 0xB8c77482e45F1F44dE1745F52C74426C631bDD52 collateral with 1124075529 ETH
User 0x2B5AD5c4795c026514f8317c7a215E218DcCD6cF UNstakes 0 SIR
User 0x7E5F4552091A69125d5DfCb7b8C2659029395Bdf stakes 1933 SIR
Pays winner of 0xB8c77482e45F1F44dE1745F52C74426C631bDD52 auction
Donations: 11 ETH and 33282175710183 WETH
User 0x7E5F4552091A69125d5DfCb7b8C2659029395Bdf stakes 5322 SIR
Pays winner of 0xC02aaA39b223FE8D0A0e5C4F27eAD9083C756Cc2 auction
Pays winner of 0xC02aaA39b223FE8D0A0e5C4F27eAD9083C756Cc2 auction
User 0x2B5AD5c4795c026514f8317c7a215E218DcCD6cF stakes 307637695961000 SIR
User 0x2B5AD5c4795c026514f8317c7a215E218DcCD6cF claims 0 ETH
User 0x7E5F4552091A69125d5DfCb7b8C2659029395Bdf UNstakes 1411 SIR
User 0x2B5AD5c4795c026514f8317c7a215E218DcCD6cF bids 0xC02aaA39b223FE8D0A0e5C4F27eAD9083C756Cc2 collateral with 1 ETH
User 0x2B5AD5c4795c026514f8317c7a215E218DcCD6cF UNstakes 1668 SIR
User 0x7E5F4552091A69125d5DfCb7b8C2659029395Bdf stakes 9149803445648964107 SIR
User 0x6813Eb9362372EEF6200f3b1dbC3f819671cBA69 stakes 137438953472 SIR
User 0x2B5AD5c4795c026514f8317c7a215E218DcCD6cF bids 0xC02aaA39b223FE8D0A0e5C4F27eAD9083C756Cc2 collateral with 2 ETH
User 0x2B5AD5c4795c026514f8317c7a215E218DcCD6cF stakes 1 SIR
Collects fees for 0xC02aaA39b223FE8D0A0e5C4F27eAD9083C756Cc2 and starts auction
Collects fees for 0xB8c77482e45F1F44dE1745F52C74426C631bDD52 and starts auction
User 0x6813Eb9362372EEF6200f3b1dbC3f819671cBA69 stakes 1583 SIR
User 0x7E5F4552091A69125d5DfCb7b8C2659029395Bdf bids 0xC02aaA39b223FE8D0A0e5C4F27eAD9083C756Cc2 collateral with 0 ETH
User 0x7E5F4552091A69125d5DfCb7b8C2659029395Bdf stakes 1933 SIR
Pays winner of 0xB8c77482e45F1F44dE1745F52C74426C631bDD52 auction
Donations: 11 ETH and 33282175710183 WETH
User 0x7E5F4552091A69125d5DfCb7b8C2659029395Bdf stakes 5322 SIR
Pays winner of 0xC02aaA39b223FE8D0A0e5C4F27eAD9083C756Cc2 auction
Pays winner of 0xC02aaA39b223FE8D0A0e5C4F27eAD9083C756Cc2 auction
User 0x2B5AD5c4795c026514f8317c7a215E218DcCD6cF stakes 307637695961000 SIR
User 0x2B5AD5c4795c026514f8317c7a215E218DcCD6cF claims 0 ETH
User 0x7E5F4552091A69125d5DfCb7b8C2659029395Bdf UNstakes 1411 SIR
User 0x2B5AD5c4795c026514f8317c7a215E218DcCD6cF bids 0xC02aaA39b223FE8D0A0e5C4F27eAD9083C756Cc2 collateral with 1 ETH
User 0x2B5AD5c4795c026514f8317c7a215E218DcCD6cF UNstakes 1668 SIR
User 0x7E5F4552091A69125d5DfCb7b8C2659029395Bdf stakes 9149803445648964107 SIR
User 0x6813Eb9362372EEF6200f3b1dbC3f819671cBA69 stakes 137438953472 SIR
User 0x2B5AD5c4795c026514f8317c7a215E218DcCD6cF bids 0xC02aaA39b223FE8D0A0e5C4F27eAD9083C756Cc2 collateral with 2 ETH
User 0x2B5AD5c4795c026514f8317c7a215E218DcCD6cF stakes 1 SIR
Collects fees for 0xC02aaA39b223FE8D0A0e5C4F27eAD9083C756Cc2 and starts auction
Collects fees for 0xB8c77482e45F1F44dE1745F52C74426C631bDD52 and starts auction
User 0x6813Eb9362372EEF6200f3b1dbC3f819671cBA69 stakes 1583 SIR
User 0x7E5F4552091A69125d5DfCb7b8C2659029395Bdf bids 0xC02aaA39b223FE8D0A0e5C4F27eAD9083C756Cc2 collateral with 0 ETH
