10175
888
7556
24049
7503
12149
10244
9656
0

11128
1545
6394
17583
16139
1541
1889567282
20802
8577

0
1267650600228229401496434769919
2
1267650600228229401496434769919
0
3
1327
1
0

13050
6796
19244
21488
2286
5927
22726
20395
696342030192642565180801440951

28190
1267650600228229401496434769920
1427686090046812
127334198750171682579
3
0
3280099319374297147
593409253
0

52739707171739669
0
127835688179421925
1417653229729
208498428862434570699082979579
165678097264460098397948914
258726133160659966224921766958
2
1267650600228229401496434769920

93021599009100837710547031764
24167
18642
8035
5392
31370857962267
19245
1267650600228229401496434769920
16967

1796
8321
1570
1255475634
684321520801431146573553288796
12313
1
15459
19978

1
63131846419793414
13
2
102087584024175557902181700
9795370
1267650600228229401496434769918
4609918
3586484309

590262652006733
2303459855367964273315040
1720796
0
42
2
96224258007267141009865155
3626
1267650600228229401496434769917

15736
4202047188
52912786
20775
16125
10985
16506
3882
22181

987
2795
1404
25291
373
0
22089
5904
2226

748683474104321744696583388762
8600
1325
1267650600228229401496434769917
195009406110396602913489657598
11
0
1018
10620

1766
22158
6112
18008
6979
5950
9770
4593
6465

23382
12723
645407304
23208
8155
1043
4898
42
21582

1694616802
3124842405
195161730763668046189502637790
16482
17685
0
4419
12928
12669

30
8406
16722
23619
0
25827
11183
11291
1889567280

1228517776797951502970496423670
1107338847366757612513159283531
997
12798
4235163749
10269
1267650600228229401496702156800
24133
254077237328805878067051766931

93021599009100837705504131229
22725
6425
0
13337
9770
1255475633
6434
16282219705183274251323555410

521312299152690048671854
4593
20359
1267650600228229401496434769920
20773
11999
226
21688
516904079084751507519790

16603
13697
18672
1730
1417653229729
645407304
21486
21494
15112

72057594037927934
0
16140
3434
290
5863
1783
5524566
0

195004570407118144396790832826
0
21670
8384
2072
25220
11367
195009406110396602913489657599
1694616911

195009406110396602913489657598
195005779332937759025965539021
0
1267650600228229401496435818480
650537490644467334459438193805
14278
5561
1404
270

2769
621
20092
10611
254077237348551467879017590542
3203
1116793187179787580656895611396
1267650600228229401496434769920
3714247998

0
91010625943252696501
2
201913
5236208244000356946
3
573830921507817640865151
1600590062254
47844955460560662985086

36940962159426303167
1840142240
86615454632
1239031116808086608220233555012
1267650600228229401496434769918
47452278079777307127751122236
29185
2
133505663581280716339836690748

63131846419793413
4980
22644
22498
3127
3852
563824
17684
6146

12032
6620
17198
23959
11995
3248654307
195161730763668046189502637791
8579
21388

1267650600228229401496646356993
236500610
18739
17880
17432
5949
47844955460560662985085
18893
195005779332937759015392800010

19862
1149298701042843641806320403494
21802
0
9949
22127
247
18173
4551

1267650600228229401496434769919
302243561
1
322891
506
6172324944326733961
382563139505
71563486737715258
2806

14765
7895
21955
8772
6047
12095
11811
885709067384286153420597753688
3060

3
1599014806469
1068126812043949900561696135834
8072939824169040968873
79
501308817
2
4109840
4713883960423343459

18641
11306
23219
16125
17397888625466701661436487093
1267650600228229120021458059264
899821040017837398518248961728
17021
72057594037927932

617
195009406110396602913489657597
1679
2511
7918
2852
195045673884985041788730843359
1433
16125

12543
571685560086586972438589988127
23761
1267650600228229401496434769920
1782757624
208498428862434570687779267104
0
12668
899821040017837398469457975119

21478
12752
2511
19403
944
17822
16985
26680
1

9434
12033
5630
12255
2057
10735
1116793187179787580656895611394
17871
236500608

3766
26991
8291
17534
1267650600228229401427465925807
2847
19781
21014
12591

10267
23478
195161730763668046189502637793
796154968
1840142239
253835968796381648309297388710
23993
19387
18558

3301
411673356843242714935500804898
13295
10529
3041954472
195004570407118144396790832825
0
93021599009100837710547031764
2412490507

12572
14776
4102309907
25459
0
1
21044
264668692540392495987339393
16967

3544742296
9770
6849
5004
23061
1267650600228229401496652873729
16123
8575
22403

195004570407118144396790832832
5902
19978
3916
3626
623643096
9434
1090
1267650600228229401496647434241

20461
3096268766
1125899906842625
526216009887142361592673
1267650600228229401427264584289
2233625728
1449
251190728917136335841188802691
195067434549738105113875554811

1267650600228229401496434769917
741634197327918093540383188589
940928492742749382566923998089
1071903392930165722017642193137
3
11321470810991127
0
166749686189880466
48457880926593570194229644043

1
3264896387
0
29731199075
14656586024227117944090752
1267650600228229401496434769919
258017319968016644638882059288
463330568206236460199791552136
0

0
3
65202273361848180950810570372
1208391740571126197697734289167
643002902816171067297514187497
100
1267650600228229401496434769918
108
2

195006988258757373655140245211
1189826696998295651023394351558
16967
195005779332937759025965539020
8175
24335
7077
1741
1255475632

10563
19188
5932
871
1694616838
414327982758852961879676478435
22317
20377
19134

6151
258726133160659966224921766956
2243323689
26990
9433
19644
12651
1720795
4753

23782
1667
13518
604
195091613066130397697369678653
1385
4286
738704156027463015956991931657
1

1838
22168
8037
1593
5620
195004570407118144396790832824
1267650600228229401496434769920
1722
1610

1228757892295067825834772918663
26646942570
1267650600228229401496434769918
0
122456608
0
753118257419
4122357561597755765008614399
9757

1543
195091613066130397697369678651
15156
19122
25364
9757
195161730763668046189502637791
17300
25071

74934747552215446018542808336
13340
122456607
18673
195004570407118144317197032602
397
21478
15362
9680

195091613066130397697369678653
195005779332937759025965539020
9680
23799
18556
4690
352311728569899572016882530844
19644
132376855671912

195009406110396602913489657598
16506
195045673884985041788730843359
508968
1411
195067434549738105103300530505
195004570407118144396790832826
6441
312188864361761382123361401073

882937819522717029
741402187725695999029244842586
605381265353022718670127001992
0
228658585940102845806272314741
3633479385996349585370
1
3
540459594667262723880248270391

0
854825930019726629696322216688
4398046511105
18486
3423
3766
1233
23798
1267650600228229401496646582273

4202047189
1600590062253
3124
8651
195004570407118144396790832830
195161730763668046189502637793
1666326814
1090
741402187725695999029244842585

23798
3041954472
19122
208498428862434570676456889043
8405
563824
2647
0
3882

1267650600228229401496434769918
14970970190722
1013887761314085015906090434524
260754601613058989
47264956727257778
0
21886
3
563239515474872

19913
23478
0
195091613066130397697369678653
24132
118568
4001
899821040017837398518248961727
21044

4893
3586
13031
11587
195006988258757373655140245210
195067434549738105113875554812
195004570407118144396790832826
195009406110396602913489657597
267622763471146036261484090394

260754601613058988
195161730763668046189502637793
22725
696342030192642565180801440950
195006988258757373655140245209
22921
15940
195091613066130397697369678652
17683

1
1
527226515700051670224810611
51
34
1267650600228229401496434769919
1
2539672117230
4621

11228
2738955174
19683
4198899252
12666
23618
21806
13051
14970970190722

188427128574936146
348
1267650600228229401496434769919
273436389839138577521837261305
929883196693841336742575203252
226887860898107417279803056229
688376881249348019
1
14113

12033
23536
561960582969687211945287330260
13072
102087584024175557902181698
349903794872224451072517099890
1694616907
1880
5156

382563139503
986
1267650600228229401496434769920
0
0
132376855671913
95073790294821934092242422941
113
9190

332499012216776946054992828375
2791
236500610
1228757892295067825834772918661
0
5496
1013887761314085015906090434523
195045673884985041788730843358
1267650600228229401496645308417

195091613066130397697369678652
882194238121131656855185025966
15181
340
19489
10733
12015
526216009868377833873516
8482

1
7126795981707517255248
169905499879027402536479844922
1267650600228229401496434769919
83175414555176691995296964604
13141421183
382958119765852646631844946108
2451620458105489720848187605
521826628

258017319968016644638882059287
741634197327918093540383188588
338
1
195004570407118144396790832824
4593
4109838
7962
254077237348551467879017590541

3853
586216965046214788970
0
36970589043240935472728434920
13
0
18687200459538491946826
93015750700864529252
1267650600228229401496434769919

1694616871
16151476531512069711711311137
79228162514264337593543950337
379121282
6613
1569
1765
23798
5503

65202273361848180950810570371
25458
25054
741402187725695998989051838700
1092315949313999276266409373870
0
1267650600228229401496434769917
95078644850819483518214397053
742409120968967861076821027627

109356115121267
5458
17783
72057594043480003
738704156027463015956991931657
21486
195005779332937759025965539021
93015750700864529251
8401

11088
0
5503
23293
19243
1889567281
16984
8399
599

20838
296
195004570407118144396790832825
13295
9042
521826626
478
26680
195009406110396602913489657599

761
1605
258
1383
526216009868377833873516
501308817
8383
16282219705183274251323555410
0

417712105536919497
137237512441245553616345569037
2
1053470674206553167392609738497
16086
1267650600228229401496434769919
1
1965141433659244
3

20395
1267650600228229401496651608065
19294
195009406110396602913489657599
195161730763668046189502637791
23499
814
93015750700864529252
24167

1267650600228229401496650776577
8574
352311728569899572016882530844
23552
12013
17605
3922440113
195006988258757373655140245210
23617

25238
719515367598419751948059
55137597427195341730738813666
1267650600228229401496434769918
0
751905807
51412978944126517842796339999
329995529411608272619805250803
249821463362729419292

7196
195067434549738105103282538580
36940962159426303165
929883196693841336692161718845
1267650600228229401496651825153
11587
0
4109838
0

1267650600228229401496434769919
1333291433
1183579417223539011136931793024
1
214706993182936508674646693038
688282726146472391018165732168
10814
16483137932582
0

3591052224870768160
33304189820808
226
1
5673173897350953
1267650600228229401496434769917
3
2
78600983426788712

4162
195004570407118144396790832824
417712105536919497
195009406110396602913489657599
17703
195006988258757373655140245211
4567
1228757892295067825767919086907
195045673884985041788730843359

23027956272
36
126427543
1262
1
1144001353832894425003
1267650600228229401496434769917
101271
748531442124852

24333
1
657161815263123952690215140604
5501
6595
22724
195091613066130397697369678650
20580
18454

195045673884985041788730843359
1267650600228229401496644263937
16151476531512069711711311137
0
8226
2795
330252342
741634197327918093540383188587
2362

195004570407118144396790832824
93021599009100837705504131229
4817
16215
333997422025014071322486026499
195067434549738105113875554811
0
12157
11424

433406496180219381765554861184
2910
3203
0
1889567279
25826
17986
3663
8652

2645
1
16124
650911295248777744903631250109
21386
4650
25220
996
3524403368

2643
9374
4063
429699853889447958955706014555
1991
3432
1267650600228229401496434769920
195161730763668046189502637792
942

15131018391263
56243601071518675550274
35400668971930998958297026734
1
146335956223163700151393337300
115108340209226321553677836014
7685968
1267650600228229401496434769920
32423353496856712103858

7235
19228
195091613066130397697369678653
16777315
696342030192642565180801440952
2121
195161730763668046189502637792
18640
3633479385996349585368

302243561
102087584024175557896647036
25218
195006988258757373655140245210
21594
6150
2251799813685249
15129
940928492742749382515781453700

0
195161730763668046183714482103
195045673884985041788730843357
176166111737316616716295415059
18779
395
0
31370857962267
1267650600228229401496644485121

23206
214706993182936508674646693037
15457
1197272790000996836125443649358
1267650600228229401496651608065
195091613066130397697369678651
132376855671909
195005779332937759025965539022
3874

397
10985
195005779332937759025965539021
1449
141900166540778743409877856230
258017319968016644638882059287
1267650600228229401496651825153
1152921504606846975
748683474104321744696583388761

11666
6992
1409
17868
19180
1213
1053470674206553167392609738496
3490
586216965046214788969

15
840315298724726111409285764095
2
0
3733
1267650600228229401496434769919
3
456722563693362531640310534300
570118949688276405

18171
20813
940928492742749382515781453699
195045673884985041778088048358
18461
195006988258757373655140245210
10542
195004570407118144396790832825
390013976517514747289631372325

114416870529503486464751400
13115323416
764965503733997470057110409573
2
7127622646249992330555821809
669980122673801273715260022110
406395714710083062234268014149
0
1267650600228229401496434769917

10242
12616
741402187725695998989047819408
0
4978
17556
6045
623643094
11228

167772659
72057594037927934
23293
16480
119225665141306
95078644850819483518214397052
18641
18436
4198899250

1
2607
197306338414572654915
36490098371990832
593125156376934483849
195066577109246722061406142
1109763864399135426295387875727
177
224618089921592978972435994107

195161730763668046189502637792
1694616832
7503
1267650600228229401496646582273
1088
312188864361761382123361401093
5391
234889139254456026372139029224
346

18486
10533
195045673884985041788730843358
1267650600228229401496434769920
2249
195091613066130397697369678651
7659
692
0

12750
22158
0
195006988258757373655140245209
3423
2163
4766
10710
1605

576273606715721058765124276
0
12778665267908784189845
1267650600228229401496434769917
1267650600228229401496434769917
270712718851613071728302895
451295622813
2
378447558609505734952619351002

34000964283442035
1208230961303062295076212830835
1267650600228229401496434769919
1504056114
160
1
1267650600228229401496434769918
51429774594294
405265707037654521636585049027

940928492742749382515781453699
195006988258757373655140245210
17296
195045673884985041788730843356
738704156027463015956991931656
1149298701042843641806320403494
696342030192642565180801440948
7460
19213

5836
5838
16317
423
1
195005779332937759025965539021
1149298701042843641744008320252
11809
9432

19587
5561
249821463362729419290
195004570407118144396790832825
748683474104321744696583388761
195005779332937759025965539022
23959
195004570407118144396790832825
195009406110396602913489657598

21278
413844592392977029180634891299
0
1267650600228229401496434769918
1720796
1189826696998295651023394351558
15181
12164
12235

31370857962267
0
1046231260306418586194688437382
1267650600228229401496703197169
195091613066130397697369678651
251190728917136335841188802689
1152921504606846977
55137597427195341727741904713
4767

22784
77
1694616870
571685560086586972438589988127
195006988258757373655140245208
195009406110396602913489657599
238
195067434549738105113875554812
21670

195091613066130397697369678652
195067434549738105113875554811
2412490508
1267650600228229401496651628545
4550
20064
15651
18640
247

195045673884985041788730843358
15975
1107338847366757612513159283530
19897
176166111737316616716295415059
19616
5948
995
7460

195067434549738105113875554811
195161730763668046178921972493
10134
19350
6441
899821040017837398518248961725
22919
15449
195006988258757373655140245211

11665
15175
5836
0
201106975764871997590368526355
1605
195006988258757373655140245209
195004570407118144386150280664
748683474104321744655993621378

23585
1267650600228229401427922676048
929883196693841336692161718845
112
16857
1216
1694616933
36490098371990832
18007

964
11813
126145566810964770734876094907
0
526216009887142361564041
1781
22687
5227
47844955460560662985085

15687
20461
23207
1267650600228229401496434769920
571371229928176048018434298639
3874
788033542422196509536475420572
13115323416
195005779332937759025965539021

1039055725882139
18522987989306500180493
336273129176450703447
0
929131101859302595884460058088
803531040328413669
646326322297634478247249732003
160520025054155387101770093840
0

346
15619
1228517776797951502970496423668
24250
21594
688282726146472390980788964953
174607824264003713052303981757
5748
195004570407118144396790832833

1267650600228229401496434769917
3
1267650600228229401496434769917
538642503484186672
1
1267650600228229401496434769917
521581012860557578
4400129765876849068144
240322155326805222058

1267650600228229401496645328897
10394
6055
195004570407118144396790832826
20018
18302
110104888657005442771555776879
144115188075855871
195006988258757373655140245211

79228162514264337593543950335
8404
429997320295834755190970114874
996
65202273361848180950810570371
1267650600228229401496650776577
176166111737316616716295415058
195161730763668046189502637791
119683661113822306977716038

476
21560
17630
1444
195009406110396602913489657598
1068126820121603610232624483411
897
5004
1798

1267650600228229401496649728001
195009406110396602913489657599
24904
23552
1
195006988258757373655140245209
23796
8982
18687200459538491945811

82934017953398
9
15249563597
4086388370384599693
1267650600228229401496434769918
1222568489102330892268127086501
1261489633990749721890256041361
1462089860
3

12653
195004570407118144396790832824
563822
985686914819967056782381545642
17326
195009406110396602913489657599
195006988258757373655140245210
19688
4620

19587
942
1722
11274
195004570407118144396790832833
352311728569899572016882530843
22919
17845
8072939824169040968873

54448702528833052039527326806
1085367
381723607181642693473235785713
2
1410255088782
3
2766551684500334609
1267650600228229401496434769917
840376936887625504766229587422

25237
1092315949313999276266409373870
0
21580
17580
5264
16777217
0
340

0
499242
1267650600228229401496434769920
58
99808419261842094065947
8171821
2
2601829835709
20376204168687397578253120

0
18453
17628
214706993182936508663005802136
10307
5480
63131846420438158
1730
0

195004570407118144396790832833
15129
10014
173375944020585264857842165149
1991
521826624
23759
696342030192642565143049357467
1068126820121603610174620517899

13464024830207509666978882012
0
3
860788359407050728419369839571
2460
20069934526788
1040757527475669797966419419269
1267650600228229401496434769920
243440462981167567

3
14560908045474
11597
0
101673772317908101669516677975
161505749700247521
0
2
1267650600228229401496434769918

2806
411673356843242714935500804896
379294557713738337284397934365
20376204168687397578253119
17751
195004570407118144396790832833
152
93021599009100837705504131229
12350

195009406110396602913489657599
195005779332937759015391742738
0
660
264668692540392495987339393
16121
286759951455080914943771085768
23293
6434

521581012860557578
18522987989306500180491
11226
11574
1362
540459594667262723850948795764
18996
195004570407118144396790832825
8402

14774
21592
72151408306839858718244364567
10847
899821040017837398469457975117
601
3126
11224
1013887761314085015850982314994

195067434549738105113875554810
195091613066130397697369678653
1275
12032
1267650600228229401496646356992
21582
21826
3299
20771

9770
563823
18687200459538491946824
195006988258757373655140245209
10757
21592
141900166540778743409877856233
195091613066130397686792814777
2439

952831347744415204920448249173
13100
258017319968016644624894386587
1230
109303818714284111952157626342
195004570407118144396790832833
195091613066130397697369678653
18171
1267650600228229401496651825153

11258
195067434549738105113875554808
22353
83175414555176691995296964602
660
141900166540778743409877856226
3721019204
12253
1267650600228229401427915331920

1267650600228229401496434769917
0
3
476914901
51196698717859083696834263
1104903466447472475248356843
84670090355794674929
503259306790
1216907873575296544724015473445

1332530406
25364
1694616885
23827
195006988258757373655140245210
4898
197306338414572654913
8135
195067434549738105113875554810

18737
1694616832
195005779332937759025965539020
2478
4144
195009406110396602913489657598
1189826696998295651023394351558
1823
1255475633

1035895611574954097708390581294
195004570407118144396790832825
11462
195009406110396602913489657598
21494
0
249821463362729419290
6329
195004570407118144396790832834

16722
5620
729521687187519653290817944798
109356115121265
379294557713738337284397934365
854825930019726629696322216686
3733
30464872078772063789224509318
19188

37192538142
2
14417235242752160254667734001
3979903240799742398
703441884299
519225237497135080449279730354
3
4905550270109
869151847060980204959754416663

1267650600228229401496434769917
0
1267650600228229401496434769918
771202278362
732129756642142531790060145038
1174928467732853720321559527844
227439254008068
1
12033887364795424528253394730

13100
21336
15390
18736
195004570407118144396790832832
195091613066130397697369678651
15666
527226515700051670224810610
195004570407118144396790832833

2
1
7106761201
583698706224246715144088707929
1267650600228229401496434769919
66108139728082531839646
0
14466323169734192
530288412146515814449957194551

23550
940928492742749382464771700572
1267650600228229401427465925813
1
688282726146472391018165732168
0
490284934170177294694873861293
3298
571685560086586972438589988125

22919
33304189820806
405265707037654521614614725217
176166111737316616716295415056
1551
132376855671912
2260296206
79228162514264337593543950335
22158

995
1991
26066
195045673885047513124143628132
21885
414327982758852961857176653914
195005779332937759025965539020
1267650600228229401496645328897
330252341

14484111432646518262306
41
1
0
2
99151253
33269944
36196663118404785341706030
14158952861546729617443868293

19519
1046363172
6239
601
411058008934178147222902000861
1267650600228229401496649494529
827395354697935693431525125568
5903
195009406110396602913489657600

12653
95078644850819483518214397052
5925
22008
195161730763668046189502637792
15156
411673356843242714913180876876
11423
208

5501
183
1407
5320
23991
195045673884985041778088048357
929883196693841336692161718845
22644
195067434549738105113875554810

1267650600228229401496434769919
972450022415977375754699556459
0
1848316
163684796045129479
1008307292031903293146126086544
1255366705192754708535137519188
58
103645275329

21812
5909
5391
1
3948
16052
6916
5501
13696

0
195006988258757373655140245211
20580
21264
0
943
195161730763668046182169141426
1383
12030

516904079084751507491767
17869
110104888657005442771555776881
11998
34
3096268766
5389
1267650600228229401496652873727
3264896386

2355393812340652409129
0
846
1
703307162028105026805690
1765464
3
1267650600228229401496434769919
2588110836916180762451

1267650600228229401496647630849
264668692540392500075298292
18001
95078644850819483513026368497
6055
897
15562
12666
96934346131285440929064792835

1040757527475669797966419419267
12723
15974
195045673884985041788730843358
8211
18459
7126795981707517255246
18737
195067434549738105113875554810

0
0
1183195373788179484844856149572
15005020004154041
714458
143174245754718264244932870379
295
2668602734
1267650600228229401496434769918

5903
195009406110396602913489657597
1008307292031903293146126086542
195004570407118144396790832826
7127622646249992330169398768
15006
854825930019726629696322216688
15005020004154040
13464024830207509666978882011

1
0
55188926605664166894736623378
5680902568634862882
388339922830210633361068219225
0
7156231891893573926036067659
0
3

527226515700051670196154124
1267650600228229401496434769920
195004570407118144396790832824
382958119765852646631844946106
0
856
11492
4832
188427128574936146

696342030192642565143051244928
15609
195004570407118144396790832832
9446
195005779332937759025965539021
3586
3740
12591
240322155326805222057

9680
0
195091613066130397697369678651
443049218
1116127054325882808764510356174
352311728569899572016882530842
1255475633
195161730763668046189502637791
378447558609505734932102896582

0
12525
1275
195004570407118144396790832825
733144587237427025551798490953
195005779332937759025965539022
11241
19228
1763

1
195045673884985041788730843359
195006988258757373655140245209
195004570407118144396790832825
3733
1152921504606846977
2412490507
12349
195009406110396602913489657599

5305
0
5320
1267650600228229401496644276225
195004570407118144396790832825
0
2850
195045673884985041788730843359
20018

95212589407329675
2
1267650600228229401496434769920
0
9364331143731
1267650600228229401496434769919
1267650600228229401496434769920
3
51579521928783238829733161

22255
3110
11321470810991125
643002902816171067262653877166
8404
195045673884985041767476071217
1043
9241
4550

10620557032460468019395981
85188
7288745838
1267650600228229401496434769920
8602453738752820
368069
1267650600228229401496434769919
229781703859048522517425509400
3

0
195004570407118144396790832834
2668602734
195067434549738105113875554811
126145566810964770728019670320
195009406110396602913489657598
16788
412294716398989782085376270884
516904079084751507491768

1267650600228229401496434769920
195009406110396602913489657597
944
4711
195067434549738105113875554811
19188
645407302
195005779332937759025965539021
21042

6055
195004570407118144396790832832
18781
15005020004154038
1327
657161815263123952690215140603
195006988258757373655140245210
195091613066130397697369678650
16138

0
23819
22089
22686
9976
1267650600228229401496650776577
0
1107338847366757612513159283530
252602632156837536796451339405

15238
1410255088782
6917
16967
12014
1013887761314085015850982315003
9372
195005779332937759025965539022
581

195006988258757373655140245210
20773
1267650600228229401496647401473
2614
195004570407118144396790832832
208498428862434570668155555234
684321520801431146536452895500
5478
110104888657005442771555776879

195091613066130397697369678650
1807
0
195006988258757373655140245211
24132
748531442124850
738704156027463015956991931657
251190728917136335841188802689
5492

899821040017837398469457975117
1267650600228229401496434769918
195067434549738105113875554811
506
110104888657005442765586754545
34
195006988258757373655140245211
741402187725695998949373888743
195004570407118144396790832833

149059116218550149845887531
64739453
823228262862732822661428486
314350304550139610324857249
0
143432155983534314584007247793
1267650600228229401496434769919
398796682
394733954714

195004570407118144396790832831
22125
22684
688282726146472390980850582690
208498428862434570699082979577
733144587237427025551798490951
132376855671913
1092315949313999276207189621041
16470642502870515694049209549

641402505661353368829749572428
792713745534142246
123799482232742782590267741
1
723327871318
179546836316268160281275056214
268439887619666615324395174
1211223677640140928536870627870
2450823415972261495332287

0
1267650600228229401496434769918
889822613260640854491116937456
1
6
375793554147325005008297945596
144842001329672266027389002713
142726830102675531397157737388
0

0
10333483269976387
1267650600228229401496434769918
0
2350837039831415436125
211301450
180416710638
0
11424

3916
4144
195091613066130397697369678651
26768
1812160746
7237
7073
1068126820121603610174620517898
623643093

195161730763668046183714482103
411369897702398023133573205101
0
1267650600228229401427674383552
748784953149433452301159175871
1092315949313999276147586685524
95078644850819483507853362677
1232880249856665582243661261482
195009406110396602913489657600

1667
195006988258757373655140245210
917218928643375876179905125473
412913710155829279095756987645
0
96934346131285440923809773879
19213
12164
195009406110396602913489657597

195004570407118144386218687957
4752
195006988258757373655140245211
14774
93021599009100837705471247260
10787
9948
13083
1267650600228229401427465925815

314
17558
490903923208629297608989146333
411369897702398023133573205101
8400
195045673884985041788730843359
1267650600228229401427465925813
1507
12541

19387
21719
899821040017837398420674306242
5492
195004570407118144396790832826
1040757527475669797966419419266
174307988011754850203915291901
696342030192642565142915106121
1124950631280520403824928970017

10542
4162
195161730763668046178921972493
9894
578489916688859269726945947815
9364331143730
576273606715721058765124274
1267650600228229401496652664833
65202273361848180947266613327

3549
3916
21810
86615454632
195091613066130397697369678651
195004570407118144396790832825
13141421183
823228262862732822661428484
19134

208
8316
0
1208893540647022776221503838750
21345
7762
176166111737316616706710630561
0
195006988258757373655140245211

11227
1575
10333483269976386
21201
10456
195004570407118144396790832834
730752392672106080776187837549
5908
534426575354772232236784336446

32128356777823407090812586
1267650600228229401496434769919
3
1376025393
2
12001774897328
259060714065958165
10713538658861929957830
1267650600228229401496434769919

14804
195004570407118144396790832833
547318716828656945577380832807
195067434549738105113875554812
1682
7866
1040757527475669797909997719903
405265707037654521592587207109
2908

1267650600228229401496434769917
1
78045115940488202
26503539171545489
864358091332172821697594763774
20901130337871287489407242656
6323144
283514978420463096495640884854
7117988915867

649673369431786799985608911981
195005779332937759025965539020
1267650600228229401496434769920
19
16114
195004570407118144396790832825
1822
195091613066130397697369678652
4001

19
195161730763668046189502637791
21773
1869440289
3881
26647
20991
195006988258757373655140245211
4893

3
403864806
1444856184722123
1267650600228229401496434769917
11341980853
1717741183371495916486
3426417071386512453
1
5021064327088870837546995

495
341356068472704461497312831578
1908699
1
3
1267650600228229401496434769918
0
2
761029667885754245

538086614008451181781293628994
3026
195006988258757373655140245208
1232880249856665582243661261482
1720794
3604
20771
623643092
0

572300912772997966193829752317
17083600895217085692920111105
987
527226515700051670196042149
9850
3094
240322155326805222056
125285796758517276386894113410
16982

3
851866737485501289513422065641
1267650600228229401496434769919
2854
0
8512975731235
183499857496242457
7090167
0

1084537129457626
3
724761270998274528564723811076
1267650600228229401496434769919
8192809749563229340
1
486286762130458696494047553916
963402795721
38335676845664

18739
2243323689
195005779332937759025965539020
23992
0
526216009868377833873516
10460
95078644850819483507853362677
11194

1267650600228229401496434769919
2
155
3
1
65091361358
122381
7968
0

0
157
9086295732542380776
3
2
0
307924120502959636134245495441
1267650600228229401496434769917
1

13049
1267650600228229401496650776577
846
9762
10712
195161730763668046189502637791
25054
10079
195006988258757373655140245211

21387655
1267650600228229401496434769919
115367614
3
1267650600228229401496434769920
1267650600228229401496434769918
276970420347318681445933779125
1
2

571685560086586972438589988126
1144001353832894425003
19625
8035
16596
195004570407118144396790832825
165812169514281041925646103374
1085366
11993

871
16140
436546825548119193883544239052
7503
254077237348551467865243518173
443049218
23618
2285
14563

4162
571685560086586972438589988125
696342030192642565180801440950
0
195004570407118144396790832824
19614
1107338847366757612513159283532
669980122673801273678877166451
3426417071386512453

174607824264003713052303981756
7106761201
27367
4503599627370496
1332530405
227439254008066
1718
16460993690029348673233402989
1694616796

0
839430194421091227161473670494
12156
14916
95073790294821934092242422941
10460
195004570407118144396790832824
195005779332937759025965539022
7462

1267650600228229401496434769917
1267650600228229401496434769920
261781078118479950785290612204
49191
682622925891656365367802653514
3
34073595718824742
962717223
358200

5862
17682
253226674924469671382390447357
491215821347666021154723782598
210900032760829869441170249270
6916
195009406110396602913489657598
34073595718824741
6658

381854687209782912107961240293
2
58762246438362780484622
3
1207503205287
0
1267650600228229401496434769919
1
69116706100

2
1936611465
1049284011716990065696121287938
7801149437346722285
1267650600228229401496434769920
882302147066199504086834583949
1239640492006637626287
0
3

0
526216009868377833873516
1267650600228229401427465925805
8289
12330
840315298724726111409285764095
2174569671
2350847373426144039742
950

195005779332937759025965539020
368068
192941086945334155472147735302
599
214706993182936508674646693037
7895
0
6789
5135

229251462861
152402881237002322551387338126
1267650600228229401496434769917
276349227941283758499
1267650600228229401496434769920
611478574490017972493795900120
1
0
3

126145566810964770734876094906
2810
2543
508961
3445
0
113
195004570407118144396790832825
0

492762027914962968295159667966
0
1049284011716990065639089266303
195161730763668046189502637792
195045673884985041788730843356
195004570407118144396790832833
490601686993975393980488907949
7126795981707517255246
1162475813074564134286041934292

940928492742749382413756846467
0
3882
643002902816171067227669599015
95078644850819483502665334120
79228162514264337589248821595
13016
5900
195004570407118144396790832824

0
195006988258757373655140245211
208498428862434570699082979576
1267650600228229401496643215361
729521687187519653290817944798
1462089860
17641
195091613066130397697369678652
236500607

1
6451693
1267650600228229401496434769920
95
2
58914961254486671680895611125
1135883255868733094
3
451324176608747567789000244754

195006988258757373655140245210
25827
0
1765
1046
26647
1040757527475669797909997719903
6456
0

756114343365169318280019062444
3055000101057559864531
2
6347506668517506160
687826556047760096633242944728
2458974315219617048099112
115149485247469223847022088364
12246641968902837387007546
1075030294412863100045904579096

195161730763668046189502637793
17867
8
1267650600228229401496652652545
195009406110396602913489657596
688282726146472390980788964953
8602453738752819
195091613066130397697369678652
195045673884985041788730843354

8977
6992
195005779332937759025965539021
51579522024004985284357537
195067434549738105113875554811
11222
1008307292031903293146126086541
195004570407118144386218159367
1107338847366757612513159283530

285534398612084255273847292238
1502
3714247999
195004570407118144396790832832
195045673884985041788730843359
333377257298230042085179550909
3564
1107338847366757612513159283530
18485

0
90
86631449
1
348706007245958101030345
5075
109253927842
435729550491
700604802102448966434456618677

3
668724128360097149272698631214
783
4483
3739133201
27968743909788
2
124747087335230
0

643002902816171067297514187497
1267650600228229401496647630849
22403
9435
1823
9364331143730
195009406110396602913489657600
195091613066130397697369678650
23382

10872
650228005634645989390713404541
651215935110947672241509090717
748784953149433452260563906817
5050
195091613066130397686765810706
4481
7685968
2642

388013912968482625
0
1267650600228229401496434769917
17403608356381067313939121174
1143242356780474264534933670165
0
644013952960333327972381454101
0
1196743

1267650600228229401496434769920
1267650600228229401496434769920
2941896127097429055499894792
7207942339609018
0
218431
1
530932707364
557564566139976460936437334241

